2021-05-11 14:47:27,523;INFO;Beginning parsing list of 24942 user ids
2021-05-11 14:47:27,532;INFO;0 user ids parsed so far
2021-05-11 14:48:38,634;INFO;250 user ids parsed so far
2021-05-11 14:49:49,251;INFO;500 user ids parsed so far
2021-05-11 14:51:01,260;INFO;750 user ids parsed so far
2021-05-11 14:51:44,631;WARNING;Rate limit reached. Sleeping for: 643
2021-05-11 15:03:01,443;INFO;1000 user ids parsed so far
2021-05-11 15:04:12,754;INFO;1250 user ids parsed so far
2021-05-11 15:05:23,781;INFO;1500 user ids parsed so far
2021-05-11 15:06:35,631;INFO;1750 user ids parsed so far
2021-05-11 15:06:50,064;WARNING;Rate limit reached. Sleeping for: 642
2021-05-11 15:18:34,891;INFO;2000 user ids parsed so far
2021-05-11 15:19:48,181;INFO;2250 user ids parsed so far
2021-05-11 15:21:00,187;INFO;2500 user ids parsed so far
2021-05-11 15:21:58,324;WARNING;Rate limit reached. Sleeping for: 639
2021-05-11 15:32:56,272;INFO;2750 user ids parsed so far
2021-05-11 15:34:07,693;INFO;3000 user ids parsed so far
2021-05-11 15:35:19,643;INFO;3250 user ids parsed so far
2021-05-11 15:36:32,229;INFO;3500 user ids parsed so far
2021-05-11 15:37:00,958;WARNING;Rate limit reached. Sleeping for: 642
2021-05-11 15:48:31,201;INFO;3750 user ids parsed so far
2021-05-11 15:49:43,082;INFO;4000 user ids parsed so far
2021-05-11 15:51:00,009;INFO;4250 user ids parsed so far
2021-05-11 15:52:12,377;INFO;4500 user ids parsed so far
2021-05-11 15:52:12,640;WARNING;Rate limit reached. Sleeping for: 636
2021-05-11 16:04:05,521;INFO;4750 user ids parsed so far
2021-05-11 16:05:17,259;INFO;5000 user ids parsed so far
2021-05-11 16:06:29,212;INFO;5250 user ids parsed so far
2021-05-11 16:07:12,532;WARNING;Rate limit reached. Sleeping for: 641
2021-05-11 16:18:29,547;INFO;5500 user ids parsed so far
2021-05-11 16:19:45,917;INFO;5750 user ids parsed so far
2021-05-11 16:21:02,578;INFO;6000 user ids parsed so far
2021-05-11 16:22:19,734;INFO;6250 user ids parsed so far
2021-05-11 16:22:35,415;WARNING;Rate limit reached. Sleeping for: 623
2021-05-11 16:34:02,986;INFO;6500 user ids parsed so far
2021-05-11 16:35:16,089;INFO;6750 user ids parsed so far
2021-05-11 16:36:30,452;INFO;7000 user ids parsed so far
2021-05-11 16:37:43,311;WARNING;Rate limit reached. Sleeping for: 620
2021-05-11 16:48:23,460;INFO;7250 user ids parsed so far
2021-05-11 16:49:47,858;INFO;7500 user ids parsed so far
2021-05-11 16:51:11,269;INFO;7750 user ids parsed so far
2021-05-11 16:52:24,823;INFO;8000 user ids parsed so far
2021-05-11 16:52:54,320;WARNING;Rate limit reached. Sleeping for: 614
2021-05-11 17:03:57,868;INFO;8250 user ids parsed so far
2021-05-11 17:05:13,329;INFO;8500 user ids parsed so far
2021-05-11 17:06:28,512;INFO;8750 user ids parsed so far
2021-05-11 17:07:53,129;INFO;9000 user ids parsed so far
2021-05-11 17:07:53,372;WARNING;Rate limit reached. Sleeping for: 620
2021-05-11 17:20:18,227;INFO;9250 user ids parsed so far
2021-05-11 17:22:20,202;INFO;9500 user ids parsed so far
2021-05-11 17:24:19,534;INFO;9750 user ids parsed so far
2021-05-11 17:25:45,854;WARNING;Rate limit reached. Sleeping for: 453
2021-05-11 17:34:07,806;INFO;10000 user ids parsed so far
2021-05-11 17:36:07,190;INFO;10250 user ids parsed so far
2021-05-11 17:38:01,099;ERROR;user_id:703170919586398210, Twitter error response: status code = 503
2021-05-11 17:38:19,851;INFO;10500 user ids parsed so far
2021-05-11 17:40:29,388;INFO;10750 user ids parsed so far
2021-05-11 17:40:52,842;WARNING;Rate limit reached. Sleeping for: 451
2021-05-11 17:50:06,329;INFO;11000 user ids parsed so far
2021-05-11 17:52:02,626;INFO;11250 user ids parsed so far
2021-05-11 17:54:14,378;INFO;11500 user ids parsed so far
2021-05-11 17:55:44,708;WARNING;Rate limit reached. Sleeping for: 465
2021-05-11 18:03:52,486;INFO;11750 user ids parsed so far
2021-05-11 18:05:23,778;INFO;12000 user ids parsed so far
2021-05-11 18:06:52,381;INFO;12250 user ids parsed so far
2021-05-11 18:08:20,516;INFO;12500 user ids parsed so far
2021-05-11 18:08:54,004;WARNING;Rate limit reached. Sleeping for: 580
2021-05-11 18:19:44,677;INFO;12750 user ids parsed so far
2021-05-11 18:21:30,359;INFO;13000 user ids parsed so far
2021-05-11 18:23:05,113;INFO;13250 user ids parsed so far
2021-05-11 18:24:34,194;INFO;13500 user ids parsed so far
2021-05-11 18:24:34,827;WARNING;Rate limit reached. Sleeping for: 545
2021-05-11 18:35:27,592;INFO;13750 user ids parsed so far
2021-05-11 18:37:26,743;INFO;14000 user ids parsed so far
2021-05-11 18:39:24,912;INFO;14250 user ids parsed so far
2021-05-11 18:39:55,987;ERROR;user_id:1021609616373936128, [{'code': 50, 'message': 'User not found.'}]
2021-05-11 18:40:39,001;WARNING;Rate limit reached. Sleeping for: 485
2021-05-11 18:49:37,757;INFO;14500 user ids parsed so far
2021-05-11 18:51:34,540;INFO;14750 user ids parsed so far
2021-05-11 18:53:36,249;INFO;15000 user ids parsed so far
2021-05-11 18:55:37,869;INFO;15250 user ids parsed so far
2021-05-11 18:56:00,970;WARNING;Rate limit reached. Sleeping for: 469
2021-05-11 19:05:29,396;INFO;15500 user ids parsed so far
2021-05-11 19:07:37,129;INFO;15750 user ids parsed so far
2021-05-11 19:09:40,639;INFO;16000 user ids parsed so far
2021-05-11 19:11:14,788;WARNING;Rate limit reached. Sleeping for: 461
2021-05-11 19:19:25,311;INFO;16250 user ids parsed so far
2021-05-11 19:21:37,732;INFO;16500 user ids parsed so far
2021-05-11 19:23:38,871;INFO;16750 user ids parsed so far
2021-05-11 19:25:40,420;INFO;17000 user ids parsed so far
2021-05-11 19:26:31,433;WARNING;Rate limit reached. Sleeping for: 449
2021-05-11 19:35:24,231;INFO;17250 user ids parsed so far
2021-05-11 19:37:31,969;INFO;17500 user ids parsed so far
2021-05-11 19:39:40,480;INFO;17750 user ids parsed so far
2021-05-11 19:41:57,621;INFO;18000 user ids parsed so far
2021-05-11 19:41:58,566;WARNING;Rate limit reached. Sleeping for: 427
2021-05-11 19:51:20,068;INFO;18250 user ids parsed so far
2021-05-11 19:53:24,109;INFO;18500 user ids parsed so far
2021-05-11 19:55:24,397;INFO;18750 user ids parsed so far
2021-05-11 19:56:49,484;WARNING;Rate limit reached. Sleeping for: 441
2021-05-11 20:05:03,737;INFO;19000 user ids parsed so far
2021-05-11 20:07:02,508;INFO;19250 user ids parsed so far
2021-05-11 20:09:01,608;INFO;19500 user ids parsed so far
2021-05-11 20:11:03,410;INFO;19750 user ids parsed so far
2021-05-11 20:11:28,659;WARNING;Rate limit reached. Sleeping for: 467
2021-05-11 20:21:11,450;INFO;20000 user ids parsed so far
2021-05-11 20:23:29,147;INFO;20250 user ids parsed so far
2021-05-11 20:25:35,361;INFO;20500 user ids parsed so far
2021-05-11 20:27:24,523;WARNING;Rate limit reached. Sleeping for: 416
2021-05-11 20:34:53,074;INFO;20750 user ids parsed so far
2021-05-11 20:36:42,833;INFO;21000 user ids parsed so far
2021-05-11 20:38:12,343;INFO;21250 user ids parsed so far
2021-05-11 20:39:43,237;INFO;21500 user ids parsed so far
2021-05-11 20:40:16,456;WARNING;Rate limit reached. Sleeping for: 549
2021-05-11 20:50:16,758;INFO;21750 user ids parsed so far
2021-05-11 20:51:32,139;INFO;22000 user ids parsed so far
2021-05-11 20:52:50,372;INFO;22250 user ids parsed so far
2021-05-11 20:54:07,004;INFO;22500 user ids parsed so far
2021-05-11 20:54:07,672;WARNING;Rate limit reached. Sleeping for: 623
2021-05-11 21:05:48,752;INFO;22750 user ids parsed so far
2021-05-11 21:07:02,110;INFO;23000 user ids parsed so far
2021-05-11 21:08:15,468;INFO;23250 user ids parsed so far
2021-05-11 21:08:59,258;WARNING;Rate limit reached. Sleeping for: 636
2021-05-11 21:20:09,579;INFO;23500 user ids parsed so far
2021-05-11 21:21:22,395;INFO;23750 user ids parsed so far
2021-05-11 21:22:34,884;INFO;24000 user ids parsed so far
2021-05-11 21:23:52,877;INFO;24250 user ids parsed so far
2021-05-11 21:24:07,850;WARNING;Rate limit reached. Sleeping for: 633
2021-05-11 21:35:44,075;INFO;24500 user ids parsed so far
2021-05-11 21:36:56,317;INFO;24750 user ids parsed so far
2021-05-11 21:37:52,037;INFO;Finishing parsing list of 24942 user ids
2021-05-12 07:55:17,134;INFO;NumExpr defaulting to 8 threads.
2021-05-12 07:56:51,830;INFO;Beginning parsing list of 7697 locations
2021-05-12 07:56:51,841;INFO;0 user geoloc parsed so far
2021-05-12 07:57:27,313;INFO;100 user geoloc parsed so far
2021-05-12 07:58:01,456;INFO;200 user geoloc parsed so far
2021-05-12 07:58:33,592;INFO;300 user geoloc parsed so far
2021-05-12 07:59:07,586;INFO;400 user geoloc parsed so far
2021-05-12 07:59:40,500;INFO;500 user geoloc parsed so far
2021-05-12 08:00:12,049;INFO;600 user geoloc parsed so far
2021-05-12 08:00:59,814;INFO;700 user geoloc parsed so far
2021-05-12 08:02:08,496;INFO;800 user geoloc parsed so far
2021-05-12 08:02:46,894;INFO;900 user geoloc parsed so far
2021-05-12 08:03:26,152;INFO;1000 user geoloc parsed so far
2021-05-12 08:04:14,351;INFO;1100 user geoloc parsed so far
2021-05-12 08:04:47,984;INFO;1200 user geoloc parsed so far
2021-05-12 08:05:49,555;INFO;1300 user geoloc parsed so far
2021-05-12 08:06:28,028;INFO;1400 user geoloc parsed so far
2021-05-12 08:07:00,767;INFO;1500 user geoloc parsed so far
2021-05-12 08:07:31,391;INFO;1600 user geoloc parsed so far
2021-05-12 08:08:16,597;INFO;1700 user geoloc parsed so far
2021-05-12 08:08:51,229;INFO;1800 user geoloc parsed so far
2021-05-12 08:09:23,876;INFO;1900 user geoloc parsed so far
2021-05-12 08:10:11,006;INFO;2000 user geoloc parsed so far
2021-05-12 08:10:57,979;INFO;2100 user geoloc parsed so far
2021-05-12 08:11:35,287;INFO;2200 user geoloc parsed so far
2021-05-12 08:12:20,662;INFO;2300 user geoloc parsed so far
2021-05-12 08:12:55,960;INFO;2400 user geoloc parsed so far
2021-05-12 08:13:44,255;INFO;2500 user geoloc parsed so far
2021-05-12 08:14:15,171;INFO;2600 user geoloc parsed so far
2021-05-12 08:14:47,430;INFO;2700 user geoloc parsed so far
2021-05-12 08:15:16,668;INFO;2800 user geoloc parsed so far
2021-05-12 08:15:53,836;INFO;2900 user geoloc parsed so far
2021-05-12 08:16:28,364;INFO;3000 user geoloc parsed so far
2021-05-12 08:17:07,758;INFO;3100 user geoloc parsed so far
2021-05-12 08:17:39,089;INFO;3200 user geoloc parsed so far
2021-05-12 08:18:11,111;INFO;3300 user geoloc parsed so far
2021-05-12 08:18:42,639;INFO;3400 user geoloc parsed so far
2021-05-12 08:19:20,215;INFO;3500 user geoloc parsed so far
2021-05-12 08:19:51,968;INFO;3600 user geoloc parsed so far
2021-05-12 08:20:39,687;INFO;3700 user geoloc parsed so far
2021-05-12 08:21:29,829;INFO;3800 user geoloc parsed so far
2021-05-12 08:22:05,235;INFO;3900 user geoloc parsed so far
2021-05-12 08:22:37,708;INFO;4000 user geoloc parsed so far
2021-05-12 08:23:09,048;INFO;4100 user geoloc parsed so far
2021-05-12 08:23:40,539;INFO;4200 user geoloc parsed so far
2021-05-12 08:24:13,697;INFO;4300 user geoloc parsed so far
2021-05-12 08:24:45,676;INFO;4400 user geoloc parsed so far
2021-05-12 08:25:21,618;INFO;4500 user geoloc parsed so far
2021-05-12 08:26:05,024;INFO;4600 user geoloc parsed so far
2021-05-12 08:26:39,276;INFO;4700 user geoloc parsed so far
2021-05-12 08:27:10,432;INFO;4800 user geoloc parsed so far
2021-05-12 08:27:43,594;INFO;4900 user geoloc parsed so far
2021-05-12 08:28:16,860;INFO;5000 user geoloc parsed so far
2021-05-12 08:28:47,791;INFO;5100 user geoloc parsed so far
2021-05-12 08:29:19,071;INFO;5200 user geoloc parsed so far
2021-05-12 08:29:51,880;INFO;5300 user geoloc parsed so far
2021-05-12 08:30:22,488;INFO;5400 user geoloc parsed so far
2021-05-12 08:30:54,844;INFO;5500 user geoloc parsed so far
2021-05-12 08:31:30,200;INFO;5600 user geoloc parsed so far
2021-05-12 08:32:01,474;INFO;5700 user geoloc parsed so far
2021-05-12 08:32:34,099;INFO;5800 user geoloc parsed so far
2021-05-12 08:33:04,095;INFO;5900 user geoloc parsed so far
2021-05-12 08:33:34,304;INFO;6000 user geoloc parsed so far
2021-05-12 08:34:16,275;INFO;6100 user geoloc parsed so far
2021-05-12 08:34:47,048;INFO;6200 user geoloc parsed so far
2021-05-12 08:35:31,525;INFO;6300 user geoloc parsed so far
2021-05-12 08:36:04,995;INFO;6400 user geoloc parsed so far
2021-05-12 08:36:36,148;INFO;6500 user geoloc parsed so far
2021-05-12 08:37:12,161;INFO;6600 user geoloc parsed so far
2021-05-12 08:38:12,594;INFO;6700 user geoloc parsed so far
2021-05-12 08:38:43,593;INFO;6800 user geoloc parsed so far
2021-05-12 08:39:13,982;INFO;6900 user geoloc parsed so far
2021-05-12 08:39:44,715;INFO;7000 user geoloc parsed so far
2021-05-12 08:40:15,873;INFO;7100 user geoloc parsed so far
2021-05-12 08:40:52,940;INFO;7200 user geoloc parsed so far
2021-05-12 08:41:25,736;INFO;7300 user geoloc parsed so far
2021-05-12 08:41:57,384;INFO;7400 user geoloc parsed so far
2021-05-12 08:42:29,439;INFO;7500 user geoloc parsed so far
2021-05-12 08:43:02,087;INFO;7600 user geoloc parsed so far
2021-05-12 08:43:34,090;INFO;Finishing parsing list of 7697 locations
